<?xml version="1.0" encoding="UTF-8"?>
<testng-results ignored="0" total="2" passed="2" failed="0" skipped="0">
  <reporter-output>
  </reporter-output>
  <suite started-at="2023-04-03T22:28:47 IST" name="Default suite" finished-at="2023-04-03T22:31:12 IST" duration-ms="145041">
    <groups>
    </groups>
    <test started-at="2023-04-03T22:28:47 IST" name="Default test" finished-at="2023-04-03T22:31:12 IST" duration-ms="145041">
      <class name="com.test.user.AllScenarios">
        <test-method is-config="true" signature="reference()[pri:0, instance:com.test.user.AllScenarios@130c12b7]" started-at="2023-04-03T22:28:47 IST" name="reference" finished-at="2023-04-03T22:28:47 IST" duration-ms="618" status="PASS">
          <reporter-output>
          </reporter-output>
        </test-method> <!-- reference -->
        <test-method signature="RUNALL(java.util.Map,org.testng.ITestContext)[pri:0, instance:com.test.user.AllScenarios@130c12b7]" started-at="2023-04-03T22:28:48 IST" name="RUNALL" data-provider="TestData" finished-at="2023-04-03T22:29:48 IST" duration-ms="59749" status="PASS">
          <params>
            <param index="0">
              <value>
                <![CDATA[{Color=, Email=, First Name=, Last Name=, Password=, Run=Yes, Sold_By=, TestScenario=CreateAccount, TextMessage=CreateAccount}]]>
              </value>
            </param>
            <param index="1">
              <value>
                <![CDATA[org.testng.TestRunner@1f443fae]]>
              </value>
            </param>
          </params>
          <reporter-output>
          </reporter-output>
        </test-method> <!-- RUNALL -->
        <test-method signature="RUNALL(java.util.Map,org.testng.ITestContext)[pri:0, instance:com.test.user.AllScenarios@130c12b7]" started-at="2023-04-03T22:29:48 IST" name="RUNALL" data-provider="TestData" finished-at="2023-04-03T22:31:12 IST" duration-ms="84568" status="PASS">
          <params>
            <param index="0">
              <value>
                <![CDATA[{Color=, Email=, First Name=, Last Name=, Password=, Run=Yes, Sold_By=, TestScenario=SignIn, TextMessage=SignIn}]]>
              </value>
            </param>
            <param index="1">
              <value>
                <![CDATA[org.testng.TestRunner@1f443fae]]>
              </value>
            </param>
          </params>
          <reporter-output>
          </reporter-output>
        </test-method> <!-- RUNALL -->
      </class> <!-- com.test.user.AllScenarios -->
    </test> <!-- Default test -->
  </suite> <!-- Default suite -->
</testng-results>
