<?xml version="1.0" encoding="UTF-8"?>
<testng-results ignored="0" total="2" passed="2" failed="0" skipped="0">
  <reporter-output>
  </reporter-output>
  <suite started-at="2023-03-29T23:08:44 IST" name="Suite" finished-at="2023-03-29T23:09:46 IST" duration-ms="62217">
    <groups>
    </groups>
    <test started-at="2023-03-29T23:08:44 IST" name="Test" finished-at="2023-03-29T23:09:46 IST" duration-ms="62217">
      <class name="com.test.user.AllScenarios">
        <test-method is-config="true" signature="reference()[pri:0, instance:com.test.user.AllScenarios@67f639d3]" started-at="2023-03-29T23:08:43 IST" name="reference" finished-at="2023-03-29T23:08:44 IST" duration-ms="511" status="PASS">
          <reporter-output>
          </reporter-output>
        </test-method> <!-- reference -->
        <test-method signature="RUNALL(java.util.Map,org.testng.ITestContext)[pri:0, instance:com.test.user.AllScenarios@67f639d3]" started-at="2023-03-29T23:08:44 IST" name="RUNALL" data-provider="TestData" finished-at="2023-03-29T23:08:44 IST" duration-ms="4" status="PASS">
          <params>
            <param index="0">
              <value>
                <![CDATA[{Color=, Email=, First Name=, Last Name=, Password=, Run=No, Sold_By=, TestScenario=CreateAccount, TextMessage=CreateAccount}]]>
              </value>
            </param>
            <param index="1">
              <value>
                <![CDATA[org.testng.TestRunner@151335cb]]>
              </value>
            </param>
          </params>
          <reporter-output>
          </reporter-output>
        </test-method> <!-- RUNALL -->
        <test-method signature="RUNALL(java.util.Map,org.testng.ITestContext)[pri:0, instance:com.test.user.AllScenarios@67f639d3]" started-at="2023-03-29T23:08:44 IST" name="RUNALL" data-provider="TestData" finished-at="2023-03-29T23:09:46 IST" duration-ms="61605" status="PASS">
          <params>
            <param index="0">
              <value>
                <![CDATA[{Color=, Email=, First Name=, Last Name=, Password=, Run=Yes, Sold_By=, TestScenario=SignIn, TextMessage=SignIn}]]>
              </value>
            </param>
            <param index="1">
              <value>
                <![CDATA[org.testng.TestRunner@151335cb]]>
              </value>
            </param>
          </params>
          <reporter-output>
          </reporter-output>
        </test-method> <!-- RUNALL -->
      </class> <!-- com.test.user.AllScenarios -->
    </test> <!-- Test -->
  </suite> <!-- Suite -->
</testng-results>
