[INFO ] 2023-04-03 22:28:48.468 [main] Log - *** Running test method CreateAccount...
[ERROR] 2023-04-03 22:29:47.237 [main] Log - *** Test execution CreateAccount failed...
[ERROR] 2023-04-03 22:29:47.237 [main] Log - C:\Users\sathishkumar.a\Desktop\sathish\Projects\Luma\src\test\resources\write.properties (The system cannot find the path specified)
[INFO ] 2023-04-03 22:29:47.762 [main] Log - Logout is done
[INFO ] 2023-04-03 22:29:48.094 [main] Log - *** Test Suite CreateAccount ending ***
[INFO ] 2023-04-03 22:29:48.101 [main] Log - *** Running test method SignIn...
[INFO ] 2023-04-03 22:31:12.668 [main] Log - *** Test Suite SignIn ending ***
